<?xml version="1.0" encoding="UTF-8"?>
<testng-results ignored="1" total="2" passed="0" failed="1" skipped="0">
  <reporter-output>
  </reporter-output>
  <suite started-at="2026-09-23T15:18:21 IST" name="Default suite" finished-at="2026-09-23T15:18:54 IST" duration-ms="32142">
    <groups>
    </groups>
    <test started-at="2026-09-23T15:18:21 IST" name="Default test" finished-at="2026-09-23T15:18:54 IST" duration-ms="32142">
      <class name="practice.test.InvoiceTest">
        <test-method is-config="true" signature="configBS()[pri:0, instance:practice.test.InvoiceTest@2de56eb2]" started-at="2026-09-23T15:18:20 IST" name="configBS" finished-at="2026-09-23T15:18:21 IST" duration-ms="981" status="PASS">
          <reporter-output>
          </reporter-output>
        </test-method> <!-- configBS -->
        <test-method is-config="true" signature="configBC()[pri:0, instance:practice.test.InvoiceTest@2de56eb2]" started-at="2026-09-23T15:18:21 IST" name="configBC" finished-at="2026-09-23T15:18:41 IST" duration-ms="19811" status="PASS">
          <reporter-output>
          </reporter-output>
        </test-method> <!-- configBC -->
        <test-method is-config="true" signature="configBM()[pri:0, instance:practice.test.InvoiceTest@2de56eb2]" started-at="2026-09-23T15:18:41 IST" name="configBM" finished-at="2026-09-23T15:18:45 IST" duration-ms="3453" status="PASS">
          <reporter-output>
          </reporter-output>
        </test-method> <!-- configBM -->
        <test-method signature="createInvoiceTest()[pri:0, instance:practice.test.InvoiceTest@2de56eb2]" started-at="2026-09-23T15:18:45 IST" name="createInvoiceTest" finished-at="2026-09-23T15:18:51 IST" duration-ms="6334" status="FAIL">
          <exception class="java.lang.AssertionError">
            <message>
              <![CDATA[expected [Home] but found [ACOE Fireflink - Home - vtiger CRM 5 - Commercial Open Source CRM]]]>
            </message>
            <full-stacktrace>
              <![CDATA[java.lang.AssertionError: expected [Home] but found [ACOE Fireflink - Home - vtiger CRM 5 - Commercial Open Source CRM]
at org.testng.Assert.fail(Assert.java:111)
at org.testng.Assert.failNotEquals(Assert.java:1590)
at org.testng.Assert.assertEqualsImpl(Assert.java:150)
at org.testng.Assert.assertEquals(Assert.java:132)
at org.testng.Assert.assertEquals(Assert.java:656)
at org.testng.Assert.assertEquals(Assert.java:666)
at practice.test.InvoiceTest.createInvoiceTest(InvoiceTest.java:14)
at java.base/jdk.internal.reflect.DirectMethodHandleAccessor.invoke(DirectMethodHandleAccessor.java:103)
at java.base/java.lang.reflect.Method.invoke(Method.java:580)
at org.testng.internal.invokers.MethodInvocationHelper.invokeMethod(MethodInvocationHelper.java:141)
at org.testng.internal.invokers.TestInvoker.invokeMethod(TestInvoker.java:697)
at org.testng.internal.invokers.TestInvoker.invokeTestMethod(TestInvoker.java:230)
at org.testng.internal.invokers.MethodRunner.runInSequence(MethodRunner.java:63)
at org.testng.internal.invokers.TestInvoker$MethodInvocationAgent.invoke(TestInvoker.java:1005)
at org.testng.internal.invokers.TestInvoker.invokeTestMethods(TestInvoker.java:203)
at org.testng.internal.invokers.TestMethodWorker.invokeTestMethods(TestMethodWorker.java:154)
at org.testng.internal.invokers.TestMethodWorker.run(TestMethodWorker.java:134)
at java.base/java.util.ArrayList.forEach(ArrayList.java:1596)
at org.testng.TestRunner.privateRun(TestRunner.java:744)
at org.testng.TestRunner.run(TestRunner.java:616)
at org.testng.SuiteRunner.runTest(SuiteRunner.java:421)
at org.testng.SuiteRunner.runSequentially(SuiteRunner.java:413)
at org.testng.SuiteRunner.privateRun(SuiteRunner.java:373)
at org.testng.SuiteRunner.run(SuiteRunner.java:312)
at org.testng.SuiteRunnerWorker.runSuite(SuiteRunnerWorker.java:52)
at org.testng.SuiteRunnerWorker.run(SuiteRunnerWorker.java:95)
at org.testng.TestNG.runSuitesSequentially(TestNG.java:1274)
at org.testng.TestNG.runSuitesLocally(TestNG.java:1208)
at org.testng.TestNG.runSuites(TestNG.java:1112)
at org.testng.TestNG.run(TestNG.java:1079)
at org.testng.remote.AbstractRemoteTestNG.run(AbstractRemoteTestNG.java:115)
at org.testng.remote.RemoteTestNG.initAndRun(RemoteTestNG.java:293)
at org.testng.remote.RemoteTestNG.main(RemoteTestNG.java:91)
]]>
            </full-stacktrace>
          </exception> <!-- java.lang.AssertionError -->
          <reporter-output>
          </reporter-output>
        </test-method> <!-- createInvoiceTest -->
        <test-method is-config="true" signature="configAM()[pri:0, instance:practice.test.InvoiceTest@2de56eb2]" started-at="2026-09-23T15:18:51 IST" name="configAM" finished-at="2026-09-23T15:18:52 IST" duration-ms="1264" status="PASS">
          <reporter-output>
          </reporter-output>
        </test-method> <!-- configAM -->
        <test-method is-config="true" signature="configAC()[pri:0, instance:practice.test.InvoiceTest@2de56eb2]" started-at="2026-09-23T15:18:52 IST" name="configAC" finished-at="2026-09-23T15:18:54 IST" duration-ms="1109" status="PASS">
          <reporter-output>
          </reporter-output>
        </test-method> <!-- configAC -->
        <test-method is-config="true" signature="configAS()[pri:0, instance:practice.test.InvoiceTest@2de56eb2]" started-at="2026-09-23T15:18:54 IST" name="configAS" finished-at="2026-09-23T15:18:55 IST" duration-ms="46" status="PASS">
          <reporter-output>
          </reporter-output>
        </test-method> <!-- configAS -->
      </class> <!-- practice.test.InvoiceTest -->
    </test> <!-- Default test -->
  </suite> <!-- Default suite -->
</testng-results>
